The system is: Linux - 3.5.0-45-generic - x86_64
Compiling the C compiler identification source file "CMakeCCompilerId.c" succeeded.
Compiler: /home/kent/arm-bcm2708/gcc-linaro-arm-linux-gnueabihf-raspbian/bin/arm-linux-gnueabihf-gcc 
Build flags: 
Id flags: 

The output was:
0


Compilation of the C compiler identification source "CMakeCCompilerId.c" produced "a.out"

The C compiler identification is GNU, found in "/home/kent/桌面/tmp/smartcarwithcemera/videostream/server/CMakeFiles/CompilerIdC/a.out"

Compiling the CXX compiler identification source file "CMakeCXXCompilerId.cpp" succeeded.
Compiler: /home/kent/arm-bcm2708/gcc-linaro-arm-linux-gnueabihf-raspbian/bin/arm-linux-gnueabihf-g++ 
Build flags: 
Id flags: 

The output was:
0


Compilation of the CXX compiler identification source "CMakeCXXCompilerId.cpp" produced "a.out"

The CXX compiler identification is GNU, found in "/home/kent/桌面/tmp/smartcarwithcemera/videostream/server/CMakeFiles/CompilerIdCXX/a.out"

Determining if the C compiler works passed with the following output:
Change Dir: /home/kent/桌面/tmp/smartcarwithcemera/videostream/server/CMakeFiles/CMakeTmp

Run Build Command:/usr/bin/make "cmTryCompileExec1922351833/fast"
/usr/bin/make -f CMakeFiles/cmTryCompileExec1922351833.dir/build.make CMakeFiles/cmTryCompileExec1922351833.dir/build
make[1]: 正在进入目录 `/home/kent/桌面/tmp/smartcarwithcemera/videostream/server/CMakeFiles/CMakeTmp'
/usr/bin/cmake -E cmake_progress_report /home/kent/桌面/tmp/smartcarwithcemera/videostream/server/CMakeFiles/CMakeTmp/CMakeFiles 1
Building C object CMakeFiles/cmTryCompileExec1922351833.dir/testCCompiler.c.o
/home/kent/arm-bcm2708/gcc-linaro-arm-linux-gnueabihf-raspbian/bin/arm-linux-gnueabihf-gcc    -o CMakeFiles/cmTryCompileExec1922351833.dir/testCCompiler.c.o   -c /home/kent/桌面/tmp/smartcarwithcemera/videostream/server/CMakeFiles/CMakeTmp/testCCompiler.c
Linking C executable cmTryCompileExec1922351833
/usr/bin/cmake -E cmake_link_script CMakeFiles/cmTryCompileExec1922351833.dir/link.txt --verbose=1
/home/kent/arm-bcm2708/gcc-linaro-arm-linux-gnueabihf-raspbian/bin/arm-linux-gnueabihf-gcc         CMakeFiles/cmTryCompileExec1922351833.dir/testCCompiler.c.o  -o cmTryCompileExec1922351833 -rdynamic 
make[1]:正在离开目录 `/home/kent/桌面/tmp/smartcarwithcemera/videostream/server/CMakeFiles/CMakeTmp'


Detecting C compiler ABI info compiled with the following output:
Change Dir: /home/kent/桌面/tmp/smartcarwithcemera/videostream/server/CMakeFiles/CMakeTmp

Run Build Command:/usr/bin/make "cmTryCompileExec484463004/fast"
/usr/bin/make -f CMakeFiles/cmTryCompileExec484463004.dir/build.make CMakeFiles/cmTryCompileExec484463004.dir/build
make[1]: 正在进入目录 `/home/kent/桌面/tmp/smartcarwithcemera/videostream/server/CMakeFiles/CMakeTmp'
/usr/bin/cmake -E cmake_progress_report /home/kent/桌面/tmp/smartcarwithcemera/videostream/server/CMakeFiles/CMakeTmp/CMakeFiles 1
Building C object CMakeFiles/cmTryCompileExec484463004.dir/CMakeCCompilerABI.c.o
/home/kent/arm-bcm2708/gcc-linaro-arm-linux-gnueabihf-raspbian/bin/arm-linux-gnueabihf-gcc    -o CMakeFiles/cmTryCompileExec484463004.dir/CMakeCCompilerABI.c.o   -c /usr/share/cmake-2.8/Modules/CMakeCCompilerABI.c
Linking C executable cmTryCompileExec484463004
/usr/bin/cmake -E cmake_link_script CMakeFiles/cmTryCompileExec484463004.dir/link.txt --verbose=1
/home/kent/arm-bcm2708/gcc-linaro-arm-linux-gnueabihf-raspbian/bin/arm-linux-gnueabihf-gcc       -v CMakeFiles/cmTryCompileExec484463004.dir/CMakeCCompilerABI.c.o  -o cmTryCompileExec484463004 -rdynamic  
使用内建 specs。
COLLECT_GCC=/home/kent/arm-bcm2708/gcc-linaro-arm-linux-gnueabihf-raspbian/bin/arm-linux-gnueabihf-gcc
COLLECT_LTO_WRAPPER=/home/kent/arm-bcm2708/gcc-linaro-arm-linux-gnueabihf-raspbian/bin/../libexec/gcc/arm-linux-gnueabihf/4.7.2/lto-wrapper
目标：arm-linux-gnueabihf
配置为：/cbuild/slaves/oort61/crosstool-ng/builds/arm-linux-gnueabihf-raspbian-linux/.build/src/gcc-linaro-4.7-2012.08/configure --build=i686-build_pc-linux-gnu --host=i686-build_pc-linux-gnu --target=arm-linux-gnueabihf --prefix=/cbuild/slaves/oort61/crosstool-ng/builds/arm-linux-gnueabihf-raspbian-linux/install --with-sysroot=/cbuild/slaves/oort61/crosstool-ng/builds/arm-linux-gnueabihf-raspbian-linux/install/arm-linux-gnueabihf/libc --enable-languages=c,c++,fortran --disable-multilib --with-arch=armv6 --with-tune=arm1176jz-s --with-fpu=vfp --with-float=hard --with-pkgversion='crosstool-NG linaro-1.13.1+bzr2458 - Linaro GCC 2012.08' --with-bugurl=https://bugs.launchpad.net/gcc-linaro --enable-__cxa_atexit --enable-libmudflap --enable-libgomp --enable-libssp --with-gmp=/cbuild/slaves/oort61/crosstool-ng/builds/arm-linux-gnueabihf-raspbian-linux/.build/arm-linux-gnueabihf/build/static --with-mpfr=/cbuild/slaves/oort61/crosstool-ng/builds/arm-linux-gnueabihf-raspbian-linux/.build/arm-linux-gnueabihf/build/static --with-mpc=/cbuild/slaves/oort61/crosstool-ng/builds/arm-linux-gnueabihf-raspbian-linux/.build/arm-linux-gnueabihf/build/static --with-ppl=/cbuild/slaves/oort61/crosstool-ng/builds/arm-linux-gnueabihf-raspbian-linux/.build/arm-linux-gnueabihf/build/static --with-cloog=/cbuild/slaves/oort61/crosstool-ng/builds/arm-linux-gnueabihf-raspbian-linux/.build/arm-linux-gnueabihf/build/static --with-libelf=/cbuild/slaves/oort61/crosstool-ng/builds/arm-linux-gnueabihf-raspbian-linux/.build/arm-linux-gnueabihf/build/static --with-host-libstdcxx='-L/cbuild/slaves/oort61/crosstool-ng/builds/arm-linux-gnueabihf-raspbian-linux/.build/arm-linux-gnueabihf/build/static/lib -lpwl' --enable-threads=posix --disable-libstdcxx-pch --enable-linker-build-id --enable-plugin --enable-gold --with-local-prefix=/cbuild/slaves/oort61/crosstool-ng/builds/arm-linux-gnueabihf-raspbian-linux/install/arm-linux-gnueabihf/libc --enable-c99 --enable-long-long
线程模型：posix
gcc 版本 4.7.2 20120731 (prerelease) (crosstool-NG linaro-1.13.1+bzr2458 - Linaro GCC 2012.08) 
COMPILER_PATH=/home/kent/arm-bcm2708/gcc-linaro-arm-linux-gnueabihf-raspbian/bin/../libexec/gcc/arm-linux-gnueabihf/4.7.2/:/home/kent/arm-bcm2708/gcc-linaro-arm-linux-gnueabihf-raspbian/bin/../libexec/gcc/:/home/kent/arm-bcm2708/gcc-linaro-arm-linux-gnueabihf-raspbian/bin/../libexec/gcc/arm-linux-gnueabihf/:/home/kent/arm-bcm2708/gcc-linaro-arm-linux-gnueabihf-raspbian/bin/../lib/gcc/arm-linux-gnueabihf/4.7.2/../../../../arm-linux-gnueabihf/bin/
LIBRARY_PATH=/home/kent/arm-bcm2708/gcc-linaro-arm-linux-gnueabihf-raspbian/bin/../lib/gcc/arm-linux-gnueabihf/4.7.2/:/home/kent/arm-bcm2708/gcc-linaro-arm-linux-gnueabihf-raspbian/bin/../lib/gcc/:/home/kent/arm-bcm2708/gcc-linaro-arm-linux-gnueabihf-raspbian/bin/../lib/gcc/arm-linux-gnueabihf/:/home/kent/arm-bcm2708/gcc-linaro-arm-linux-gnueabihf-raspbian/bin/../lib/gcc/arm-linux-gnueabihf/4.7.2/../../../../arm-linux-gnueabihf/lib/:/home/kent/arm-bcm2708/gcc-linaro-arm-linux-gnueabihf-raspbian/bin/../arm-linux-gnueabihf/libc/lib/:/home/kent/arm-bcm2708/gcc-linaro-arm-linux-gnueabihf-raspbian/bin/../arm-linux-gnueabihf/libc/lib/arm-linux-gnueabihf/:/home/kent/arm-bcm2708/gcc-linaro-arm-linux-gnueabihf-raspbian/bin/../arm-linux-gnueabihf/libc/usr/lib/:/home/kent/arm-bcm2708/gcc-linaro-arm-linux-gnueabihf-raspbian/bin/../arm-linux-gnueabihf/libc/usr/lib/arm-linux-gnueabihf/
COLLECT_GCC_OPTIONS='-v' '-o' 'cmTryCompileExec484463004' '-rdynamic' '-march=armv6' '-mtune=arm1176jz-s' '-mfloat-abi=hard' '-mfpu=vfp' '-mtls-dialect=gnu'
 /home/kent/arm-bcm2708/gcc-linaro-arm-linux-gnueabihf-raspbian/bin/../libexec/gcc/arm-linux-gnueabihf/4.7.2/collect2 --sysroot=/home/kent/arm-bcm2708/gcc-linaro-arm-linux-gnueabihf-raspbian/bin/../arm-linux-gnueabihf/libc --build-id --eh-frame-hdr -export-dynamic -dynamic-linker /lib/ld-linux-armhf.so.3 -X -m armelf_linux_eabi -o cmTryCompileExec484463004 /home/kent/arm-bcm2708/gcc-linaro-arm-linux-gnueabihf-raspbian/bin/../arm-linux-gnueabihf/libc/usr/lib/arm-linux-gnueabihf/crt1.o /home/kent/arm-bcm2708/gcc-linaro-arm-linux-gnueabihf-raspbian/bin/../arm-linux-gnueabihf/libc/usr/lib/arm-linux-gnueabihf/crti.o /home/kent/arm-bcm2708/gcc-linaro-arm-linux-gnueabihf-raspbian/bin/../lib/gcc/arm-linux-gnueabihf/4.7.2/crtbegin.o -L/home/kent/arm-bcm2708/gcc-linaro-arm-linux-gnueabihf-raspbian/bin/../lib/gcc/arm-linux-gnueabihf/4.7.2 -L/home/kent/arm-bcm2708/gcc-linaro-arm-linux-gnueabihf-raspbian/bin/../lib/gcc -L/home/kent/arm-bcm2708/gcc-linaro-arm-linux-gnueabihf-raspbian/bin/../lib/gcc/arm-linux-gnueabihf -L/home/kent/arm-bcm2708/gcc-linaro-arm-linux-gnueabihf-raspbian/bin/../lib/gcc/arm-linux-gnueabihf/4.7.2/../../../../arm-linux-gnueabihf/lib -L/home/kent/arm-bcm2708/gcc-linaro-arm-linux-gnueabihf-raspbian/bin/../arm-linux-gnueabihf/libc/lib -L/home/kent/arm-bcm2708/gcc-linaro-arm-linux-gnueabihf-raspbian/bin/../arm-linux-gnueabihf/libc/lib/arm-linux-gnueabihf -L/home/kent/arm-bcm2708/gcc-linaro-arm-linux-gnueabihf-raspbian/bin/../arm-linux-gnueabihf/libc/usr/lib -L/home/kent/arm-bcm2708/gcc-linaro-arm-linux-gnueabihf-raspbian/bin/../arm-linux-gnueabihf/libc/usr/lib/arm-linux-gnueabihf CMakeFiles/cmTryCompileExec484463004.dir/CMakeCCompilerABI.c.o -lgcc --as-needed -lgcc_s --no-as-needed -lc -lgcc --as-needed -lgcc_s --no-as-needed /home/kent/arm-bcm2708/gcc-linaro-arm-linux-gnueabihf-raspbian/bin/../lib/gcc/arm-linux-gnueabihf/4.7.2/crtend.o /home/kent/arm-bcm2708/gcc-linaro-arm-linux-gnueabihf-raspbian/bin/../arm-linux-gnueabihf/libc/usr/lib/arm-linux-gnueabihf/crtn.o
make[1]:正在离开目录 `/home/kent/桌面/tmp/smartcarwithcemera/videostream/server/CMakeFiles/CMakeTmp'


Parsed C implicit link information from above output:
  link line regex: [^( *|.*[/\])(ld|ld|collect2)[^/\]*( |$)]
  ignore line: [Change Dir: /home/kent/桌面/tmp/smartcarwithcemera/videostream/server/CMakeFiles/CMakeTmp]
  ignore line: []
  ignore line: [Run Build Command:/usr/bin/make "cmTryCompileExec484463004/fast"]
  ignore line: [/usr/bin/make -f CMakeFiles/cmTryCompileExec484463004.dir/build.make CMakeFiles/cmTryCompileExec484463004.dir/build]
  ignore line: [make[1]: 正在进入目录 `/home/kent/桌面/tmp/smartcarwithcemera/videostream/server/CMakeFiles/CMakeTmp']
  ignore line: [/usr/bin/cmake -E cmake_progress_report /home/kent/桌面/tmp/smartcarwithcemera/videostream/server/CMakeFiles/CMakeTmp/CMakeFiles 1]
  ignore line: [Building C object CMakeFiles/cmTryCompileExec484463004.dir/CMakeCCompilerABI.c.o]
  ignore line: [/home/kent/arm-bcm2708/gcc-linaro-arm-linux-gnueabihf-raspbian/bin/arm-linux-gnueabihf-gcc    -o CMakeFiles/cmTryCompileExec484463004.dir/CMakeCCompilerABI.c.o   -c /usr/share/cmake-2.8/Modules/CMakeCCompilerABI.c]
  ignore line: [Linking C executable cmTryCompileExec484463004]
  ignore line: [/usr/bin/cmake -E cmake_link_script CMakeFiles/cmTryCompileExec484463004.dir/link.txt --verbose=1]
  ignore line: [/home/kent/arm-bcm2708/gcc-linaro-arm-linux-gnueabihf-raspbian/bin/arm-linux-gnueabihf-gcc       -v CMakeFiles/cmTryCompileExec484463004.dir/CMakeCCompilerABI.c.o  -o cmTryCompileExec484463004 -rdynamic  ]
  ignore line: [使用内建 specs。]
  ignore line: [COLLECT_GCC=/home/kent/arm-bcm2708/gcc-linaro-arm-linux-gnueabihf-raspbian/bin/arm-linux-gnueabihf-gcc]
  ignore line: [COLLECT_LTO_WRAPPER=/home/kent/arm-bcm2708/gcc-linaro-arm-linux-gnueabihf-raspbian/bin/../libexec/gcc/arm-linux-gnueabihf/4.7.2/lto-wrapper]
  ignore line: [目标：arm-linux-gnueabihf]
  ignore line: [配置为：/cbuild/slaves/oort61/crosstool-ng/builds/arm-linux-gnueabihf-raspbian-linux/.build/src/gcc-linaro-4.7-2012.08/configure --build=i686-build_pc-linux-gnu --host=i686-build_pc-linux-gnu --target=arm-linux-gnueabihf --prefix=/cbuild/slaves/oort61/crosstool-ng/builds/arm-linux-gnueabihf-raspbian-linux/install --with-sysroot=/cbuild/slaves/oort61/crosstool-ng/builds/arm-linux-gnueabihf-raspbian-linux/install/arm-linux-gnueabihf/libc --enable-languages=c,c++,fortran --disable-multilib --with-arch=armv6 --with-tune=arm1176jz-s --with-fpu=vfp --with-float=hard --with-pkgversion='crosstool-NG linaro-1.13.1+bzr2458 - Linaro GCC 2012.08' --with-bugurl=https://bugs.launchpad.net/gcc-linaro --enable-__cxa_atexit --enable-libmudflap --enable-libgomp --enable-libssp --with-gmp=/cbuild/slaves/oort61/crosstool-ng/builds/arm-linux-gnueabihf-raspbian-linux/.build/arm-linux-gnueabihf/build/static --with-mpfr=/cbuild/slaves/oort61/crosstool-ng/builds/arm-linux-gnueabihf-raspbian-linux/.build/arm-linux-gnueabihf/build/static --with-mpc=/cbuild/slaves/oort61/crosstool-ng/builds/arm-linux-gnueabihf-raspbian-linux/.build/arm-linux-gnueabihf/build/static --with-ppl=/cbuild/slaves/oort61/crosstool-ng/builds/arm-linux-gnueabihf-raspbian-linux/.build/arm-linux-gnueabihf/build/static --with-cloog=/cbuild/slaves/oort61/crosstool-ng/builds/arm-linux-gnueabihf-raspbian-linux/.build/arm-linux-gnueabihf/build/static --with-libelf=/cbuild/slaves/oort61/crosstool-ng/builds/arm-linux-gnueabihf-raspbian-linux/.build/arm-linux-gnueabihf/build/static --with-host-libstdcxx='-L/cbuild/slaves/oort61/crosstool-ng/builds/arm-linux-gnueabihf-raspbian-linux/.build/arm-linux-gnueabihf/build/static/lib -lpwl' --enable-threads=posix --disable-libstdcxx-pch --enable-linker-build-id --enable-plugin --enable-gold --with-local-prefix=/cbuild/slaves/oort61/crosstool-ng/builds/arm-linux-gnueabihf-raspbian-linux/install/arm-linux-gnueabihf/libc --enable-c99 --enable-long-long]
  ignore line: [线程模型：posix]
  ignore line: [gcc 版本 4.7.2 20120731 (prerelease) (crosstool-NG linaro-1.13.1+bzr2458 - Linaro GCC 2012.08) ]
  ignore line: [COMPILER_PATH=/home/kent/arm-bcm2708/gcc-linaro-arm-linux-gnueabihf-raspbian/bin/../libexec/gcc/arm-linux-gnueabihf/4.7.2/:/home/kent/arm-bcm2708/gcc-linaro-arm-linux-gnueabihf-raspbian/bin/../libexec/gcc/:/home/kent/arm-bcm2708/gcc-linaro-arm-linux-gnueabihf-raspbian/bin/../libexec/gcc/arm-linux-gnueabihf/:/home/kent/arm-bcm2708/gcc-linaro-arm-linux-gnueabihf-raspbian/bin/../lib/gcc/arm-linux-gnueabihf/4.7.2/../../../../arm-linux-gnueabihf/bin/]
  ignore line: [LIBRARY_PATH=/home/kent/arm-bcm2708/gcc-linaro-arm-linux-gnueabihf-raspbian/bin/../lib/gcc/arm-linux-gnueabihf/4.7.2/:/home/kent/arm-bcm2708/gcc-linaro-arm-linux-gnueabihf-raspbian/bin/../lib/gcc/:/home/kent/arm-bcm2708/gcc-linaro-arm-linux-gnueabihf-raspbian/bin/../lib/gcc/arm-linux-gnueabihf/:/home/kent/arm-bcm2708/gcc-linaro-arm-linux-gnueabihf-raspbian/bin/../lib/gcc/arm-linux-gnueabihf/4.7.2/../../../../arm-linux-gnueabihf/lib/:/home/kent/arm-bcm2708/gcc-linaro-arm-linux-gnueabihf-raspbian/bin/../arm-linux-gnueabihf/libc/lib/:/home/kent/arm-bcm2708/gcc-linaro-arm-linux-gnueabihf-raspbian/bin/../arm-linux-gnueabihf/libc/lib/arm-linux-gnueabihf/:/home/kent/arm-bcm2708/gcc-linaro-arm-linux-gnueabihf-raspbian/bin/../arm-linux-gnueabihf/libc/usr/lib/:/home/kent/arm-bcm2708/gcc-linaro-arm-linux-gnueabihf-raspbian/bin/../arm-linux-gnueabihf/libc/usr/lib/arm-linux-gnueabihf/]
  ignore line: [COLLECT_GCC_OPTIONS='-v' '-o' 'cmTryCompileExec484463004' '-rdynamic' '-march=armv6' '-mtune=arm1176jz-s' '-mfloat-abi=hard' '-mfpu=vfp' '-mtls-dialect=gnu']
  link line: [ /home/kent/arm-bcm2708/gcc-linaro-arm-linux-gnueabihf-raspbian/bin/../libexec/gcc/arm-linux-gnueabihf/4.7.2/collect2 --sysroot=/home/kent/arm-bcm2708/gcc-linaro-arm-linux-gnueabihf-raspbian/bin/../arm-linux-gnueabihf/libc --build-id --eh-frame-hdr -export-dynamic -dynamic-linker /lib/ld-linux-armhf.so.3 -X -m armelf_linux_eabi -o cmTryCompileExec484463004 /home/kent/arm-bcm2708/gcc-linaro-arm-linux-gnueabihf-raspbian/bin/../arm-linux-gnueabihf/libc/usr/lib/arm-linux-gnueabihf/crt1.o /home/kent/arm-bcm2708/gcc-linaro-arm-linux-gnueabihf-raspbian/bin/../arm-linux-gnueabihf/libc/usr/lib/arm-linux-gnueabihf/crti.o /home/kent/arm-bcm2708/gcc-linaro-arm-linux-gnueabihf-raspbian/bin/../lib/gcc/arm-linux-gnueabihf/4.7.2/crtbegin.o -L/home/kent/arm-bcm2708/gcc-linaro-arm-linux-gnueabihf-raspbian/bin/../lib/gcc/arm-linux-gnueabihf/4.7.2 -L/home/kent/arm-bcm2708/gcc-linaro-arm-linux-gnueabihf-raspbian/bin/../lib/gcc -L/home/kent/arm-bcm2708/gcc-linaro-arm-linux-gnueabihf-raspbian/bin/../lib/gcc/arm-linux-gnueabihf -L/home/kent/arm-bcm2708/gcc-linaro-arm-linux-gnueabihf-raspbian/bin/../lib/gcc/arm-linux-gnueabihf/4.7.2/../../../../arm-linux-gnueabihf/lib -L/home/kent/arm-bcm2708/gcc-linaro-arm-linux-gnueabihf-raspbian/bin/../arm-linux-gnueabihf/libc/lib -L/home/kent/arm-bcm2708/gcc-linaro-arm-linux-gnueabihf-raspbian/bin/../arm-linux-gnueabihf/libc/lib/arm-linux-gnueabihf -L/home/kent/arm-bcm2708/gcc-linaro-arm-linux-gnueabihf-raspbian/bin/../arm-linux-gnueabihf/libc/usr/lib -L/home/kent/arm-bcm2708/gcc-linaro-arm-linux-gnueabihf-raspbian/bin/../arm-linux-gnueabihf/libc/usr/lib/arm-linux-gnueabihf CMakeFiles/cmTryCompileExec484463004.dir/CMakeCCompilerABI.c.o -lgcc --as-needed -lgcc_s --no-as-needed -lc -lgcc --as-needed -lgcc_s --no-as-needed /home/kent/arm-bcm2708/gcc-linaro-arm-linux-gnueabihf-raspbian/bin/../lib/gcc/arm-linux-gnueabihf/4.7.2/crtend.o /home/kent/arm-bcm2708/gcc-linaro-arm-linux-gnueabihf-raspbian/bin/../arm-linux-gnueabihf/libc/usr/lib/arm-linux-gnueabihf/crtn.o]
    arg [/home/kent/arm-bcm2708/gcc-linaro-arm-linux-gnueabihf-raspbian/bin/../libexec/gcc/arm-linux-gnueabihf/4.7.2/collect2] ==> ignore
    arg [--sysroot=/home/kent/arm-bcm2708/gcc-linaro-arm-linux-gnueabihf-raspbian/bin/../arm-linux-gnueabihf/libc] ==> ignore
    arg [--build-id] ==> ignore
    arg [--eh-frame-hdr] ==> ignore
    arg [-export-dynamic] ==> ignore
    arg [-dynamic-linker] ==> ignore
    arg [/lib/ld-linux-armhf.so.3] ==> ignore
    arg [-X] ==> ignore
    arg [-m] ==> ignore
    arg [armelf_linux_eabi] ==> ignore
    arg [-o] ==> ignore
    arg [cmTryCompileExec484463004] ==> ignore
    arg [/home/kent/arm-bcm2708/gcc-linaro-arm-linux-gnueabihf-raspbian/bin/../arm-linux-gnueabihf/libc/usr/lib/arm-linux-gnueabihf/crt1.o] ==> ignore
    arg [/home/kent/arm-bcm2708/gcc-linaro-arm-linux-gnueabihf-raspbian/bin/../arm-linux-gnueabihf/libc/usr/lib/arm-linux-gnueabihf/crti.o] ==> ignore
    arg [/home/kent/arm-bcm2708/gcc-linaro-arm-linux-gnueabihf-raspbian/bin/../lib/gcc/arm-linux-gnueabihf/4.7.2/crtbegin.o] ==> ignore
    arg [-L/home/kent/arm-bcm2708/gcc-linaro-arm-linux-gnueabihf-raspbian/bin/../lib/gcc/arm-linux-gnueabihf/4.7.2] ==> dir [/home/kent/arm-bcm2708/gcc-linaro-arm-linux-gnueabihf-raspbian/bin/../lib/gcc/arm-linux-gnueabihf/4.7.2]
    arg [-L/home/kent/arm-bcm2708/gcc-linaro-arm-linux-gnueabihf-raspbian/bin/../lib/gcc] ==> dir [/home/kent/arm-bcm2708/gcc-linaro-arm-linux-gnueabihf-raspbian/bin/../lib/gcc]
    arg [-L/home/kent/arm-bcm2708/gcc-linaro-arm-linux-gnueabihf-raspbian/bin/../lib/gcc/arm-linux-gnueabihf] ==> dir [/home/kent/arm-bcm2708/gcc-linaro-arm-linux-gnueabihf-raspbian/bin/../lib/gcc/arm-linux-gnueabihf]
    arg [-L/home/kent/arm-bcm2708/gcc-linaro-arm-linux-gnueabihf-raspbian/bin/../lib/gcc/arm-linux-gnueabihf/4.7.2/../../../../arm-linux-gnueabihf/lib] ==> dir [/home/kent/arm-bcm2708/gcc-linaro-arm-linux-gnueabihf-raspbian/bin/../lib/gcc/arm-linux-gnueabihf/4.7.2/../../../../arm-linux-gnueabihf/lib]
    arg [-L/home/kent/arm-bcm2708/gcc-linaro-arm-linux-gnueabihf-raspbian/bin/../arm-linux-gnueabihf/libc/lib] ==> dir [/home/kent/arm-bcm2708/gcc-linaro-arm-linux-gnueabihf-raspbian/bin/../arm-linux-gnueabihf/libc/lib]
    arg [-L/home/kent/arm-bcm2708/gcc-linaro-arm-linux-gnueabihf-raspbian/bin/../arm-linux-gnueabihf/libc/lib/arm-linux-gnueabihf] ==> dir [/home/kent/arm-bcm2708/gcc-linaro-arm-linux-gnueabihf-raspbian/bin/../arm-linux-gnueabihf/libc/lib/arm-linux-gnueabihf]
    arg [-L/home/kent/arm-bcm2708/gcc-linaro-arm-linux-gnueabihf-raspbian/bin/../arm-linux-gnueabihf/libc/usr/lib] ==> dir [/home/kent/arm-bcm2708/gcc-linaro-arm-linux-gnueabihf-raspbian/bin/../arm-linux-gnueabihf/libc/usr/lib]
    arg [-L/home/kent/arm-bcm2708/gcc-linaro-arm-linux-gnueabihf-raspbian/bin/../arm-linux-gnueabihf/libc/usr/lib/arm-linux-gnueabihf] ==> dir [/home/kent/arm-bcm2708/gcc-linaro-arm-linux-gnueabihf-raspbian/bin/../arm-linux-gnueabihf/libc/usr/lib/arm-linux-gnueabihf]
    arg [CMakeFiles/cmTryCompileExec484463004.dir/CMakeCCompilerABI.c.o] ==> ignore
    arg [-lgcc] ==> lib [gcc]
    arg [--as-needed] ==> ignore
    arg [-lgcc_s] ==> lib [gcc_s]
    arg [--no-as-needed] ==> ignore
    arg [-lc] ==> lib [c]
    arg [-lgcc] ==> lib [gcc]
    arg [--as-needed] ==> ignore
    arg [-lgcc_s] ==> lib [gcc_s]
    arg [--no-as-needed] ==> ignore
    arg [/home/kent/arm-bcm2708/gcc-linaro-arm-linux-gnueabihf-raspbian/bin/../lib/gcc/arm-linux-gnueabihf/4.7.2/crtend.o] ==> ignore
    arg [/home/kent/arm-bcm2708/gcc-linaro-arm-linux-gnueabihf-raspbian/bin/../arm-linux-gnueabihf/libc/usr/lib/arm-linux-gnueabihf/crtn.o] ==> ignore
  remove lib [gcc]
  remove lib [gcc_s]
  remove lib [gcc]
  remove lib [gcc_s]
  collapse dir [/home/kent/arm-bcm2708/gcc-linaro-arm-linux-gnueabihf-raspbian/bin/../lib/gcc/arm-linux-gnueabihf/4.7.2] ==> [/home/kent/arm-bcm2708/gcc-linaro-arm-linux-gnueabihf-raspbian/lib/gcc/arm-linux-gnueabihf/4.7.2]
  collapse dir [/home/kent/arm-bcm2708/gcc-linaro-arm-linux-gnueabihf-raspbian/bin/../lib/gcc] ==> [/home/kent/arm-bcm2708/gcc-linaro-arm-linux-gnueabihf-raspbian/lib/gcc]
  collapse dir [/home/kent/arm-bcm2708/gcc-linaro-arm-linux-gnueabihf-raspbian/bin/../lib/gcc/arm-linux-gnueabihf] ==> [/home/kent/arm-bcm2708/gcc-linaro-arm-linux-gnueabihf-raspbian/lib/gcc/arm-linux-gnueabihf]
  collapse dir [/home/kent/arm-bcm2708/gcc-linaro-arm-linux-gnueabihf-raspbian/bin/../lib/gcc/arm-linux-gnueabihf/4.7.2/../../../../arm-linux-gnueabihf/lib] ==> [/home/kent/arm-bcm2708/gcc-linaro-arm-linux-gnueabihf-raspbian/arm-linux-gnueabihf/lib]
  collapse dir [/home/kent/arm-bcm2708/gcc-linaro-arm-linux-gnueabihf-raspbian/bin/../arm-linux-gnueabihf/libc/lib] ==> [/home/kent/arm-bcm2708/gcc-linaro-arm-linux-gnueabihf-raspbian/arm-linux-gnueabihf/libc/lib]
  collapse dir [/home/kent/arm-bcm2708/gcc-linaro-arm-linux-gnueabihf-raspbian/bin/../arm-linux-gnueabihf/libc/lib/arm-linux-gnueabihf] ==> [/home/kent/arm-bcm2708/gcc-linaro-arm-linux-gnueabihf-raspbian/arm-linux-gnueabihf/libc/lib/arm-linux-gnueabihf]
  collapse dir [/home/kent/arm-bcm2708/gcc-linaro-arm-linux-gnueabihf-raspbian/bin/../arm-linux-gnueabihf/libc/usr/lib] ==> [/home/kent/arm-bcm2708/gcc-linaro-arm-linux-gnueabihf-raspbian/arm-linux-gnueabihf/libc/usr/lib]
  collapse dir [/home/kent/arm-bcm2708/gcc-linaro-arm-linux-gnueabihf-raspbian/bin/../arm-linux-gnueabihf/libc/usr/lib/arm-linux-gnueabihf] ==> [/home/kent/arm-bcm2708/gcc-linaro-arm-linux-gnueabihf-raspbian/arm-linux-gnueabihf/libc/usr/lib/arm-linux-gnueabihf]
  implicit libs: [c]
  implicit dirs: [/home/kent/arm-bcm2708/gcc-linaro-arm-linux-gnueabihf-raspbian/lib/gcc/arm-linux-gnueabihf/4.7.2;/home/kent/arm-bcm2708/gcc-linaro-arm-linux-gnueabihf-raspbian/lib/gcc;/home/kent/arm-bcm2708/gcc-linaro-arm-linux-gnueabihf-raspbian/lib/gcc/arm-linux-gnueabihf;/home/kent/arm-bcm2708/gcc-linaro-arm-linux-gnueabihf-raspbian/arm-linux-gnueabihf/lib;/home/kent/arm-bcm2708/gcc-linaro-arm-linux-gnueabihf-raspbian/arm-linux-gnueabihf/libc/lib;/home/kent/arm-bcm2708/gcc-linaro-arm-linux-gnueabihf-raspbian/arm-linux-gnueabihf/libc/lib/arm-linux-gnueabihf;/home/kent/arm-bcm2708/gcc-linaro-arm-linux-gnueabihf-raspbian/arm-linux-gnueabihf/libc/usr/lib;/home/kent/arm-bcm2708/gcc-linaro-arm-linux-gnueabihf-raspbian/arm-linux-gnueabihf/libc/usr/lib/arm-linux-gnueabihf]


Determining if the CXX compiler works passed with the following output:
Change Dir: /home/kent/桌面/tmp/smartcarwithcemera/videostream/server/CMakeFiles/CMakeTmp

Run Build Command:/usr/bin/make "cmTryCompileExec248236711/fast"
/usr/bin/make -f CMakeFiles/cmTryCompileExec248236711.dir/build.make CMakeFiles/cmTryCompileExec248236711.dir/build
make[1]: 正在进入目录 `/home/kent/桌面/tmp/smartcarwithcemera/videostream/server/CMakeFiles/CMakeTmp'
/usr/bin/cmake -E cmake_progress_report /home/kent/桌面/tmp/smartcarwithcemera/videostream/server/CMakeFiles/CMakeTmp/CMakeFiles 1
Building CXX object CMakeFiles/cmTryCompileExec248236711.dir/testCXXCompiler.cxx.o
/home/kent/arm-bcm2708/gcc-linaro-arm-linux-gnueabihf-raspbian/bin/arm-linux-gnueabihf-g++     -o CMakeFiles/cmTryCompileExec248236711.dir/testCXXCompiler.cxx.o -c /home/kent/桌面/tmp/smartcarwithcemera/videostream/server/CMakeFiles/CMakeTmp/testCXXCompiler.cxx
Linking CXX executable cmTryCompileExec248236711
/usr/bin/cmake -E cmake_link_script CMakeFiles/cmTryCompileExec248236711.dir/link.txt --verbose=1
/home/kent/arm-bcm2708/gcc-linaro-arm-linux-gnueabihf-raspbian/bin/arm-linux-gnueabihf-g++          CMakeFiles/cmTryCompileExec248236711.dir/testCXXCompiler.cxx.o  -o cmTryCompileExec248236711 -rdynamic 
make[1]:正在离开目录 `/home/kent/桌面/tmp/smartcarwithcemera/videostream/server/CMakeFiles/CMakeTmp'


Detecting CXX compiler ABI info compiled with the following output:
Change Dir: /home/kent/桌面/tmp/smartcarwithcemera/videostream/server/CMakeFiles/CMakeTmp

Run Build Command:/usr/bin/make "cmTryCompileExec3746167031/fast"
/usr/bin/make -f CMakeFiles/cmTryCompileExec3746167031.dir/build.make CMakeFiles/cmTryCompileExec3746167031.dir/build
make[1]: 正在进入目录 `/home/kent/桌面/tmp/smartcarwithcemera/videostream/server/CMakeFiles/CMakeTmp'
/usr/bin/cmake -E cmake_progress_report /home/kent/桌面/tmp/smartcarwithcemera/videostream/server/CMakeFiles/CMakeTmp/CMakeFiles 1
Building CXX object CMakeFiles/cmTryCompileExec3746167031.dir/CMakeCXXCompilerABI.cpp.o
/home/kent/arm-bcm2708/gcc-linaro-arm-linux-gnueabihf-raspbian/bin/arm-linux-gnueabihf-g++     -o CMakeFiles/cmTryCompileExec3746167031.dir/CMakeCXXCompilerABI.cpp.o -c /usr/share/cmake-2.8/Modules/CMakeCXXCompilerABI.cpp
Linking CXX executable cmTryCompileExec3746167031
/usr/bin/cmake -E cmake_link_script CMakeFiles/cmTryCompileExec3746167031.dir/link.txt --verbose=1
/home/kent/arm-bcm2708/gcc-linaro-arm-linux-gnueabihf-raspbian/bin/arm-linux-gnueabihf-g++        -v CMakeFiles/cmTryCompileExec3746167031.dir/CMakeCXXCompilerABI.cpp.o  -o cmTryCompileExec3746167031 -rdynamic  
使用内建 specs。
COLLECT_GCC=/home/kent/arm-bcm2708/gcc-linaro-arm-linux-gnueabihf-raspbian/bin/arm-linux-gnueabihf-g++
COLLECT_LTO_WRAPPER=/home/kent/arm-bcm2708/gcc-linaro-arm-linux-gnueabihf-raspbian/bin/../libexec/gcc/arm-linux-gnueabihf/4.7.2/lto-wrapper
目标：arm-linux-gnueabihf
配置为：/cbuild/slaves/oort61/crosstool-ng/builds/arm-linux-gnueabihf-raspbian-linux/.build/src/gcc-linaro-4.7-2012.08/configure --build=i686-build_pc-linux-gnu --host=i686-build_pc-linux-gnu --target=arm-linux-gnueabihf --prefix=/cbuild/slaves/oort61/crosstool-ng/builds/arm-linux-gnueabihf-raspbian-linux/install --with-sysroot=/cbuild/slaves/oort61/crosstool-ng/builds/arm-linux-gnueabihf-raspbian-linux/install/arm-linux-gnueabihf/libc --enable-languages=c,c++,fortran --disable-multilib --with-arch=armv6 --with-tune=arm1176jz-s --with-fpu=vfp --with-float=hard --with-pkgversion='crosstool-NG linaro-1.13.1+bzr2458 - Linaro GCC 2012.08' --with-bugurl=https://bugs.launchpad.net/gcc-linaro --enable-__cxa_atexit --enable-libmudflap --enable-libgomp --enable-libssp --with-gmp=/cbuild/slaves/oort61/crosstool-ng/builds/arm-linux-gnueabihf-raspbian-linux/.build/arm-linux-gnueabihf/build/static --with-mpfr=/cbuild/slaves/oort61/crosstool-ng/builds/arm-linux-gnueabihf-raspbian-linux/.build/arm-linux-gnueabihf/build/static --with-mpc=/cbuild/slaves/oort61/crosstool-ng/builds/arm-linux-gnueabihf-raspbian-linux/.build/arm-linux-gnueabihf/build/static --with-ppl=/cbuild/slaves/oort61/crosstool-ng/builds/arm-linux-gnueabihf-raspbian-linux/.build/arm-linux-gnueabihf/build/static --with-cloog=/cbuild/slaves/oort61/crosstool-ng/builds/arm-linux-gnueabihf-raspbian-linux/.build/arm-linux-gnueabihf/build/static --with-libelf=/cbuild/slaves/oort61/crosstool-ng/builds/arm-linux-gnueabihf-raspbian-linux/.build/arm-linux-gnueabihf/build/static --with-host-libstdcxx='-L/cbuild/slaves/oort61/crosstool-ng/builds/arm-linux-gnueabihf-raspbian-linux/.build/arm-linux-gnueabihf/build/static/lib -lpwl' --enable-threads=posix --disable-libstdcxx-pch --enable-linker-build-id --enable-plugin --enable-gold --with-local-prefix=/cbuild/slaves/oort61/crosstool-ng/builds/arm-linux-gnueabihf-raspbian-linux/install/arm-linux-gnueabihf/libc --enable-c99 --enable-long-long
线程模型：posix
gcc 版本 4.7.2 20120731 (prerelease) (crosstool-NG linaro-1.13.1+bzr2458 - Linaro GCC 2012.08) 
COMPILER_PATH=/home/kent/arm-bcm2708/gcc-linaro-arm-linux-gnueabihf-raspbian/bin/../libexec/gcc/arm-linux-gnueabihf/4.7.2/:/home/kent/arm-bcm2708/gcc-linaro-arm-linux-gnueabihf-raspbian/bin/../libexec/gcc/:/home/kent/arm-bcm2708/gcc-linaro-arm-linux-gnueabihf-raspbian/bin/../libexec/gcc/arm-linux-gnueabihf/:/home/kent/arm-bcm2708/gcc-linaro-arm-linux-gnueabihf-raspbian/bin/../lib/gcc/arm-linux-gnueabihf/4.7.2/../../../../arm-linux-gnueabihf/bin/
LIBRARY_PATH=/home/kent/arm-bcm2708/gcc-linaro-arm-linux-gnueabihf-raspbian/bin/../lib/gcc/arm-linux-gnueabihf/4.7.2/:/home/kent/arm-bcm2708/gcc-linaro-arm-linux-gnueabihf-raspbian/bin/../lib/gcc/:/home/kent/arm-bcm2708/gcc-linaro-arm-linux-gnueabihf-raspbian/bin/../lib/gcc/arm-linux-gnueabihf/:/home/kent/arm-bcm2708/gcc-linaro-arm-linux-gnueabihf-raspbian/bin/../lib/gcc/arm-linux-gnueabihf/4.7.2/../../../../arm-linux-gnueabihf/lib/:/home/kent/arm-bcm2708/gcc-linaro-arm-linux-gnueabihf-raspbian/bin/../arm-linux-gnueabihf/libc/lib/:/home/kent/arm-bcm2708/gcc-linaro-arm-linux-gnueabihf-raspbian/bin/../arm-linux-gnueabihf/libc/lib/arm-linux-gnueabihf/:/home/kent/arm-bcm2708/gcc-linaro-arm-linux-gnueabihf-raspbian/bin/../arm-linux-gnueabihf/libc/usr/lib/:/home/kent/arm-bcm2708/gcc-linaro-arm-linux-gnueabihf-raspbian/bin/../arm-linux-gnueabihf/libc/usr/lib/arm-linux-gnueabihf/
COLLECT_GCC_OPTIONS='-v' '-o' 'cmTryCompileExec3746167031' '-rdynamic' '-shared-libgcc' '-march=armv6' '-mtune=arm1176jz-s' '-mfloat-abi=hard' '-mfpu=vfp' '-mtls-dialect=gnu'
 /home/kent/arm-bcm2708/gcc-linaro-arm-linux-gnueabihf-raspbian/bin/../libexec/gcc/arm-linux-gnueabihf/4.7.2/collect2 --sysroot=/home/kent/arm-bcm2708/gcc-linaro-arm-linux-gnueabihf-raspbian/bin/../arm-linux-gnueabihf/libc --build-id --eh-frame-hdr -export-dynamic -dynamic-linker /lib/ld-linux-armhf.so.3 -X -m armelf_linux_eabi -o cmTryCompileExec3746167031 /home/kent/arm-bcm2708/gcc-linaro-arm-linux-gnueabihf-raspbian/bin/../arm-linux-gnueabihf/libc/usr/lib/arm-linux-gnueabihf/crt1.o /home/kent/arm-bcm2708/gcc-linaro-arm-linux-gnueabihf-raspbian/bin/../arm-linux-gnueabihf/libc/usr/lib/arm-linux-gnueabihf/crti.o /home/kent/arm-bcm2708/gcc-linaro-arm-linux-gnueabihf-raspbian/bin/../lib/gcc/arm-linux-gnueabihf/4.7.2/crtbegin.o -L/home/kent/arm-bcm2708/gcc-linaro-arm-linux-gnueabihf-raspbian/bin/../lib/gcc/arm-linux-gnueabihf/4.7.2 -L/home/kent/arm-bcm2708/gcc-linaro-arm-linux-gnueabihf-raspbian/bin/../lib/gcc -L/home/kent/arm-bcm2708/gcc-linaro-arm-linux-gnueabihf-raspbian/bin/../lib/gcc/arm-linux-gnueabihf -L/home/kent/arm-bcm2708/gcc-linaro-arm-linux-gnueabihf-raspbian/bin/../lib/gcc/arm-linux-gnueabihf/4.7.2/../../../../arm-linux-gnueabihf/lib -L/home/kent/arm-bcm2708/gcc-linaro-arm-linux-gnueabihf-raspbian/bin/../arm-linux-gnueabihf/libc/lib -L/home/kent/arm-bcm2708/gcc-linaro-arm-linux-gnueabihf-raspbian/bin/../arm-linux-gnueabihf/libc/lib/arm-linux-gnueabihf -L/home/kent/arm-bcm2708/gcc-linaro-arm-linux-gnueabihf-raspbian/bin/../arm-linux-gnueabihf/libc/usr/lib -L/home/kent/arm-bcm2708/gcc-linaro-arm-linux-gnueabihf-raspbian/bin/../arm-linux-gnueabihf/libc/usr/lib/arm-linux-gnueabihf CMakeFiles/cmTryCompileExec3746167031.dir/CMakeCXXCompilerABI.cpp.o -lstdc++ -lm -lgcc_s -lgcc -lc -lgcc_s -lgcc /home/kent/arm-bcm2708/gcc-linaro-arm-linux-gnueabihf-raspbian/bin/../lib/gcc/arm-linux-gnueabihf/4.7.2/crtend.o /home/kent/arm-bcm2708/gcc-linaro-arm-linux-gnueabihf-raspbian/bin/../arm-linux-gnueabihf/libc/usr/lib/arm-linux-gnueabihf/crtn.o
make[1]:正在离开目录 `/home/kent/桌面/tmp/smartcarwithcemera/videostream/server/CMakeFiles/CMakeTmp'


Parsed CXX implicit link information from above output:
  link line regex: [^( *|.*[/\])(ld|ld|collect2)[^/\]*( |$)]
  ignore line: [Change Dir: /home/kent/桌面/tmp/smartcarwithcemera/videostream/server/CMakeFiles/CMakeTmp]
  ignore line: []
  ignore line: [Run Build Command:/usr/bin/make "cmTryCompileExec3746167031/fast"]
  ignore line: [/usr/bin/make -f CMakeFiles/cmTryCompileExec3746167031.dir/build.make CMakeFiles/cmTryCompileExec3746167031.dir/build]
  ignore line: [make[1]: 正在进入目录 `/home/kent/桌面/tmp/smartcarwithcemera/videostream/server/CMakeFiles/CMakeTmp']
  ignore line: [/usr/bin/cmake -E cmake_progress_report /home/kent/桌面/tmp/smartcarwithcemera/videostream/server/CMakeFiles/CMakeTmp/CMakeFiles 1]
  ignore line: [Building CXX object CMakeFiles/cmTryCompileExec3746167031.dir/CMakeCXXCompilerABI.cpp.o]
  ignore line: [/home/kent/arm-bcm2708/gcc-linaro-arm-linux-gnueabihf-raspbian/bin/arm-linux-gnueabihf-g++     -o CMakeFiles/cmTryCompileExec3746167031.dir/CMakeCXXCompilerABI.cpp.o -c /usr/share/cmake-2.8/Modules/CMakeCXXCompilerABI.cpp]
  ignore line: [Linking CXX executable cmTryCompileExec3746167031]
  ignore line: [/usr/bin/cmake -E cmake_link_script CMakeFiles/cmTryCompileExec3746167031.dir/link.txt --verbose=1]
  ignore line: [/home/kent/arm-bcm2708/gcc-linaro-arm-linux-gnueabihf-raspbian/bin/arm-linux-gnueabihf-g++        -v CMakeFiles/cmTryCompileExec3746167031.dir/CMakeCXXCompilerABI.cpp.o  -o cmTryCompileExec3746167031 -rdynamic  ]
  ignore line: [使用内建 specs。]
  ignore line: [COLLECT_GCC=/home/kent/arm-bcm2708/gcc-linaro-arm-linux-gnueabihf-raspbian/bin/arm-linux-gnueabihf-g++]
  ignore line: [COLLECT_LTO_WRAPPER=/home/kent/arm-bcm2708/gcc-linaro-arm-linux-gnueabihf-raspbian/bin/../libexec/gcc/arm-linux-gnueabihf/4.7.2/lto-wrapper]
  ignore line: [目标：arm-linux-gnueabihf]
  ignore line: [配置为：/cbuild/slaves/oort61/crosstool-ng/builds/arm-linux-gnueabihf-raspbian-linux/.build/src/gcc-linaro-4.7-2012.08/configure --build=i686-build_pc-linux-gnu --host=i686-build_pc-linux-gnu --target=arm-linux-gnueabihf --prefix=/cbuild/slaves/oort61/crosstool-ng/builds/arm-linux-gnueabihf-raspbian-linux/install --with-sysroot=/cbuild/slaves/oort61/crosstool-ng/builds/arm-linux-gnueabihf-raspbian-linux/install/arm-linux-gnueabihf/libc --enable-languages=c,c++,fortran --disable-multilib --with-arch=armv6 --with-tune=arm1176jz-s --with-fpu=vfp --with-float=hard --with-pkgversion='crosstool-NG linaro-1.13.1+bzr2458 - Linaro GCC 2012.08' --with-bugurl=https://bugs.launchpad.net/gcc-linaro --enable-__cxa_atexit --enable-libmudflap --enable-libgomp --enable-libssp --with-gmp=/cbuild/slaves/oort61/crosstool-ng/builds/arm-linux-gnueabihf-raspbian-linux/.build/arm-linux-gnueabihf/build/static --with-mpfr=/cbuild/slaves/oort61/crosstool-ng/builds/arm-linux-gnueabihf-raspbian-linux/.build/arm-linux-gnueabihf/build/static --with-mpc=/cbuild/slaves/oort61/crosstool-ng/builds/arm-linux-gnueabihf-raspbian-linux/.build/arm-linux-gnueabihf/build/static --with-ppl=/cbuild/slaves/oort61/crosstool-ng/builds/arm-linux-gnueabihf-raspbian-linux/.build/arm-linux-gnueabihf/build/static --with-cloog=/cbuild/slaves/oort61/crosstool-ng/builds/arm-linux-gnueabihf-raspbian-linux/.build/arm-linux-gnueabihf/build/static --with-libelf=/cbuild/slaves/oort61/crosstool-ng/builds/arm-linux-gnueabihf-raspbian-linux/.build/arm-linux-gnueabihf/build/static --with-host-libstdcxx='-L/cbuild/slaves/oort61/crosstool-ng/builds/arm-linux-gnueabihf-raspbian-linux/.build/arm-linux-gnueabihf/build/static/lib -lpwl' --enable-threads=posix --disable-libstdcxx-pch --enable-linker-build-id --enable-plugin --enable-gold --with-local-prefix=/cbuild/slaves/oort61/crosstool-ng/builds/arm-linux-gnueabihf-raspbian-linux/install/arm-linux-gnueabihf/libc --enable-c99 --enable-long-long]
  ignore line: [线程模型：posix]
  ignore line: [gcc 版本 4.7.2 20120731 (prerelease) (crosstool-NG linaro-1.13.1+bzr2458 - Linaro GCC 2012.08) ]
  ignore line: [COMPILER_PATH=/home/kent/arm-bcm2708/gcc-linaro-arm-linux-gnueabihf-raspbian/bin/../libexec/gcc/arm-linux-gnueabihf/4.7.2/:/home/kent/arm-bcm2708/gcc-linaro-arm-linux-gnueabihf-raspbian/bin/../libexec/gcc/:/home/kent/arm-bcm2708/gcc-linaro-arm-linux-gnueabihf-raspbian/bin/../libexec/gcc/arm-linux-gnueabihf/:/home/kent/arm-bcm2708/gcc-linaro-arm-linux-gnueabihf-raspbian/bin/../lib/gcc/arm-linux-gnueabihf/4.7.2/../../../../arm-linux-gnueabihf/bin/]
  ignore line: [LIBRARY_PATH=/home/kent/arm-bcm2708/gcc-linaro-arm-linux-gnueabihf-raspbian/bin/../lib/gcc/arm-linux-gnueabihf/4.7.2/:/home/kent/arm-bcm2708/gcc-linaro-arm-linux-gnueabihf-raspbian/bin/../lib/gcc/:/home/kent/arm-bcm2708/gcc-linaro-arm-linux-gnueabihf-raspbian/bin/../lib/gcc/arm-linux-gnueabihf/:/home/kent/arm-bcm2708/gcc-linaro-arm-linux-gnueabihf-raspbian/bin/../lib/gcc/arm-linux-gnueabihf/4.7.2/../../../../arm-linux-gnueabihf/lib/:/home/kent/arm-bcm2708/gcc-linaro-arm-linux-gnueabihf-raspbian/bin/../arm-linux-gnueabihf/libc/lib/:/home/kent/arm-bcm2708/gcc-linaro-arm-linux-gnueabihf-raspbian/bin/../arm-linux-gnueabihf/libc/lib/arm-linux-gnueabihf/:/home/kent/arm-bcm2708/gcc-linaro-arm-linux-gnueabihf-raspbian/bin/../arm-linux-gnueabihf/libc/usr/lib/:/home/kent/arm-bcm2708/gcc-linaro-arm-linux-gnueabihf-raspbian/bin/../arm-linux-gnueabihf/libc/usr/lib/arm-linux-gnueabihf/]
  ignore line: [COLLECT_GCC_OPTIONS='-v' '-o' 'cmTryCompileExec3746167031' '-rdynamic' '-shared-libgcc' '-march=armv6' '-mtune=arm1176jz-s' '-mfloat-abi=hard' '-mfpu=vfp' '-mtls-dialect=gnu']
  link line: [ /home/kent/arm-bcm2708/gcc-linaro-arm-linux-gnueabihf-raspbian/bin/../libexec/gcc/arm-linux-gnueabihf/4.7.2/collect2 --sysroot=/home/kent/arm-bcm2708/gcc-linaro-arm-linux-gnueabihf-raspbian/bin/../arm-linux-gnueabihf/libc --build-id --eh-frame-hdr -export-dynamic -dynamic-linker /lib/ld-linux-armhf.so.3 -X -m armelf_linux_eabi -o cmTryCompileExec3746167031 /home/kent/arm-bcm2708/gcc-linaro-arm-linux-gnueabihf-raspbian/bin/../arm-linux-gnueabihf/libc/usr/lib/arm-linux-gnueabihf/crt1.o /home/kent/arm-bcm2708/gcc-linaro-arm-linux-gnueabihf-raspbian/bin/../arm-linux-gnueabihf/libc/usr/lib/arm-linux-gnueabihf/crti.o /home/kent/arm-bcm2708/gcc-linaro-arm-linux-gnueabihf-raspbian/bin/../lib/gcc/arm-linux-gnueabihf/4.7.2/crtbegin.o -L/home/kent/arm-bcm2708/gcc-linaro-arm-linux-gnueabihf-raspbian/bin/../lib/gcc/arm-linux-gnueabihf/4.7.2 -L/home/kent/arm-bcm2708/gcc-linaro-arm-linux-gnueabihf-raspbian/bin/../lib/gcc -L/home/kent/arm-bcm2708/gcc-linaro-arm-linux-gnueabihf-raspbian/bin/../lib/gcc/arm-linux-gnueabihf -L/home/kent/arm-bcm2708/gcc-linaro-arm-linux-gnueabihf-raspbian/bin/../lib/gcc/arm-linux-gnueabihf/4.7.2/../../../../arm-linux-gnueabihf/lib -L/home/kent/arm-bcm2708/gcc-linaro-arm-linux-gnueabihf-raspbian/bin/../arm-linux-gnueabihf/libc/lib -L/home/kent/arm-bcm2708/gcc-linaro-arm-linux-gnueabihf-raspbian/bin/../arm-linux-gnueabihf/libc/lib/arm-linux-gnueabihf -L/home/kent/arm-bcm2708/gcc-linaro-arm-linux-gnueabihf-raspbian/bin/../arm-linux-gnueabihf/libc/usr/lib -L/home/kent/arm-bcm2708/gcc-linaro-arm-linux-gnueabihf-raspbian/bin/../arm-linux-gnueabihf/libc/usr/lib/arm-linux-gnueabihf CMakeFiles/cmTryCompileExec3746167031.dir/CMakeCXXCompilerABI.cpp.o -lstdc++ -lm -lgcc_s -lgcc -lc -lgcc_s -lgcc /home/kent/arm-bcm2708/gcc-linaro-arm-linux-gnueabihf-raspbian/bin/../lib/gcc/arm-linux-gnueabihf/4.7.2/crtend.o /home/kent/arm-bcm2708/gcc-linaro-arm-linux-gnueabihf-raspbian/bin/../arm-linux-gnueabihf/libc/usr/lib/arm-linux-gnueabihf/crtn.o]
    arg [/home/kent/arm-bcm2708/gcc-linaro-arm-linux-gnueabihf-raspbian/bin/../libexec/gcc/arm-linux-gnueabihf/4.7.2/collect2] ==> ignore
    arg [--sysroot=/home/kent/arm-bcm2708/gcc-linaro-arm-linux-gnueabihf-raspbian/bin/../arm-linux-gnueabihf/libc] ==> ignore
    arg [--build-id] ==> ignore
    arg [--eh-frame-hdr] ==> ignore
    arg [-export-dynamic] ==> ignore
    arg [-dynamic-linker] ==> ignore
    arg [/lib/ld-linux-armhf.so.3] ==> ignore
    arg [-X] ==> ignore
    arg [-m] ==> ignore
    arg [armelf_linux_eabi] ==> ignore
    arg [-o] ==> ignore
    arg [cmTryCompileExec3746167031] ==> ignore
    arg [/home/kent/arm-bcm2708/gcc-linaro-arm-linux-gnueabihf-raspbian/bin/../arm-linux-gnueabihf/libc/usr/lib/arm-linux-gnueabihf/crt1.o] ==> ignore
    arg [/home/kent/arm-bcm2708/gcc-linaro-arm-linux-gnueabihf-raspbian/bin/../arm-linux-gnueabihf/libc/usr/lib/arm-linux-gnueabihf/crti.o] ==> ignore
    arg [/home/kent/arm-bcm2708/gcc-linaro-arm-linux-gnueabihf-raspbian/bin/../lib/gcc/arm-linux-gnueabihf/4.7.2/crtbegin.o] ==> ignore
    arg [-L/home/kent/arm-bcm2708/gcc-linaro-arm-linux-gnueabihf-raspbian/bin/../lib/gcc/arm-linux-gnueabihf/4.7.2] ==> dir [/home/kent/arm-bcm2708/gcc-linaro-arm-linux-gnueabihf-raspbian/bin/../lib/gcc/arm-linux-gnueabihf/4.7.2]
    arg [-L/home/kent/arm-bcm2708/gcc-linaro-arm-linux-gnueabihf-raspbian/bin/../lib/gcc] ==> dir [/home/kent/arm-bcm2708/gcc-linaro-arm-linux-gnueabihf-raspbian/bin/../lib/gcc]
    arg [-L/home/kent/arm-bcm2708/gcc-linaro-arm-linux-gnueabihf-raspbian/bin/../lib/gcc/arm-linux-gnueabihf] ==> dir [/home/kent/arm-bcm2708/gcc-linaro-arm-linux-gnueabihf-raspbian/bin/../lib/gcc/arm-linux-gnueabihf]
    arg [-L/home/kent/arm-bcm2708/gcc-linaro-arm-linux-gnueabihf-raspbian/bin/../lib/gcc/arm-linux-gnueabihf/4.7.2/../../../../arm-linux-gnueabihf/lib] ==> dir [/home/kent/arm-bcm2708/gcc-linaro-arm-linux-gnueabihf-raspbian/bin/../lib/gcc/arm-linux-gnueabihf/4.7.2/../../../../arm-linux-gnueabihf/lib]
    arg [-L/home/kent/arm-bcm2708/gcc-linaro-arm-linux-gnueabihf-raspbian/bin/../arm-linux-gnueabihf/libc/lib] ==> dir [/home/kent/arm-bcm2708/gcc-linaro-arm-linux-gnueabihf-raspbian/bin/../arm-linux-gnueabihf/libc/lib]
    arg [-L/home/kent/arm-bcm2708/gcc-linaro-arm-linux-gnueabihf-raspbian/bin/../arm-linux-gnueabihf/libc/lib/arm-linux-gnueabihf] ==> dir [/home/kent/arm-bcm2708/gcc-linaro-arm-linux-gnueabihf-raspbian/bin/../arm-linux-gnueabihf/libc/lib/arm-linux-gnueabihf]
    arg [-L/home/kent/arm-bcm2708/gcc-linaro-arm-linux-gnueabihf-raspbian/bin/../arm-linux-gnueabihf/libc/usr/lib] ==> dir [/home/kent/arm-bcm2708/gcc-linaro-arm-linux-gnueabihf-raspbian/bin/../arm-linux-gnueabihf/libc/usr/lib]
    arg [-L/home/kent/arm-bcm2708/gcc-linaro-arm-linux-gnueabihf-raspbian/bin/../arm-linux-gnueabihf/libc/usr/lib/arm-linux-gnueabihf] ==> dir [/home/kent/arm-bcm2708/gcc-linaro-arm-linux-gnueabihf-raspbian/bin/../arm-linux-gnueabihf/libc/usr/lib/arm-linux-gnueabihf]
    arg [CMakeFiles/cmTryCompileExec3746167031.dir/CMakeCXXCompilerABI.cpp.o] ==> ignore
    arg [-lstdc++] ==> lib [stdc++]
    arg [-lm] ==> lib [m]
    arg [-lgcc_s] ==> lib [gcc_s]
    arg [-lgcc] ==> lib [gcc]
    arg [-lc] ==> lib [c]
    arg [-lgcc_s] ==> lib [gcc_s]
    arg [-lgcc] ==> lib [gcc]
    arg [/home/kent/arm-bcm2708/gcc-linaro-arm-linux-gnueabihf-raspbian/bin/../lib/gcc/arm-linux-gnueabihf/4.7.2/crtend.o] ==> ignore
    arg [/home/kent/arm-bcm2708/gcc-linaro-arm-linux-gnueabihf-raspbian/bin/../arm-linux-gnueabihf/libc/usr/lib/arm-linux-gnueabihf/crtn.o] ==> ignore
  remove lib [gcc_s]
  remove lib [gcc]
  remove lib [gcc_s]
  remove lib [gcc]
  collapse dir [/home/kent/arm-bcm2708/gcc-linaro-arm-linux-gnueabihf-raspbian/bin/../lib/gcc/arm-linux-gnueabihf/4.7.2] ==> [/home/kent/arm-bcm2708/gcc-linaro-arm-linux-gnueabihf-raspbian/lib/gcc/arm-linux-gnueabihf/4.7.2]
  collapse dir [/home/kent/arm-bcm2708/gcc-linaro-arm-linux-gnueabihf-raspbian/bin/../lib/gcc] ==> [/home/kent/arm-bcm2708/gcc-linaro-arm-linux-gnueabihf-raspbian/lib/gcc]
  collapse dir [/home/kent/arm-bcm2708/gcc-linaro-arm-linux-gnueabihf-raspbian/bin/../lib/gcc/arm-linux-gnueabihf] ==> [/home/kent/arm-bcm2708/gcc-linaro-arm-linux-gnueabihf-raspbian/lib/gcc/arm-linux-gnueabihf]
  collapse dir [/home/kent/arm-bcm2708/gcc-linaro-arm-linux-gnueabihf-raspbian/bin/../lib/gcc/arm-linux-gnueabihf/4.7.2/../../../../arm-linux-gnueabihf/lib] ==> [/home/kent/arm-bcm2708/gcc-linaro-arm-linux-gnueabihf-raspbian/arm-linux-gnueabihf/lib]
  collapse dir [/home/kent/arm-bcm2708/gcc-linaro-arm-linux-gnueabihf-raspbian/bin/../arm-linux-gnueabihf/libc/lib] ==> [/home/kent/arm-bcm2708/gcc-linaro-arm-linux-gnueabihf-raspbian/arm-linux-gnueabihf/libc/lib]
  collapse dir [/home/kent/arm-bcm2708/gcc-linaro-arm-linux-gnueabihf-raspbian/bin/../arm-linux-gnueabihf/libc/lib/arm-linux-gnueabihf] ==> [/home/kent/arm-bcm2708/gcc-linaro-arm-linux-gnueabihf-raspbian/arm-linux-gnueabihf/libc/lib/arm-linux-gnueabihf]
  collapse dir [/home/kent/arm-bcm2708/gcc-linaro-arm-linux-gnueabihf-raspbian/bin/../arm-linux-gnueabihf/libc/usr/lib] ==> [/home/kent/arm-bcm2708/gcc-linaro-arm-linux-gnueabihf-raspbian/arm-linux-gnueabihf/libc/usr/lib]
  collapse dir [/home/kent/arm-bcm2708/gcc-linaro-arm-linux-gnueabihf-raspbian/bin/../arm-linux-gnueabihf/libc/usr/lib/arm-linux-gnueabihf] ==> [/home/kent/arm-bcm2708/gcc-linaro-arm-linux-gnueabihf-raspbian/arm-linux-gnueabihf/libc/usr/lib/arm-linux-gnueabihf]
  implicit libs: [stdc++;m;c]
  implicit dirs: [/home/kent/arm-bcm2708/gcc-linaro-arm-linux-gnueabihf-raspbian/lib/gcc/arm-linux-gnueabihf/4.7.2;/home/kent/arm-bcm2708/gcc-linaro-arm-linux-gnueabihf-raspbian/lib/gcc;/home/kent/arm-bcm2708/gcc-linaro-arm-linux-gnueabihf-raspbian/lib/gcc/arm-linux-gnueabihf;/home/kent/arm-bcm2708/gcc-linaro-arm-linux-gnueabihf-raspbian/arm-linux-gnueabihf/lib;/home/kent/arm-bcm2708/gcc-linaro-arm-linux-gnueabihf-raspbian/arm-linux-gnueabihf/libc/lib;/home/kent/arm-bcm2708/gcc-linaro-arm-linux-gnueabihf-raspbian/arm-linux-gnueabihf/libc/lib/arm-linux-gnueabihf;/home/kent/arm-bcm2708/gcc-linaro-arm-linux-gnueabihf-raspbian/arm-linux-gnueabihf/libc/usr/lib;/home/kent/arm-bcm2708/gcc-linaro-arm-linux-gnueabihf-raspbian/arm-linux-gnueabihf/libc/usr/lib/arm-linux-gnueabihf]


